# JRE version: Java(TM) SE Runtime Environment (7.0_45-b18) (build 1.7.0_45-b18)
# Java VM: Java HotSpot(TM) 64-Bit Server VM (24.45-b08 mixed mode linux-amd64 compressed oops)
Heap
 PSYoungGen      total 546816K, used 272370K [0x00000007d7000000, 0x0000000800000000, 0x0000000800000000)
  eden space 449536K, 40% used [0x00000007d7000000,0x00000007e23d6cc8,0x00000007f2700000)
  from space 97280K, 90% used [0x00000007fa100000,0x00000007ff725d48,0x0000000800000000)
  to   space 111104K, 0% used [0x00000007f2700000,0x00000007f2700000,0x00000007f9380000)
 ParOldGen       total 250880K, used 132873K [0x0000000785000000, 0x0000000794500000, 0x00000007d7000000)
  object space 250880K, 52% used [0x0000000785000000,0x000000078d1c2578,0x0000000794500000)
 PSPermGen       total 56832K, used 56482K [0x000000077fe00000, 0x0000000783580000, 0x0000000785000000)
  object space 56832K, 99% used [0x000000077fe00000,0x0000000783528910,0x0000000783580000)
GC Heap History (10 events):
Event: 6,535 GC heap before
{Heap before GC invocations=8 (full 1):
 PSYoungGen      total 268288K, used 14306K [0x00000007d7000000, 0x00000007fb500000, 0x0000000800000000)
  eden space 253952K, 0% used [0x00000007d7000000,0x00000007d7000000,0x00000007e6800000)
  from space 14336K, 99% used [0x00000007e6800000,0x00000007e75f8a88,0x00000007e7600000)
  to   space 43520K, 0% used [0x00000007f8a80000,0x00000007f8a80000,0x00000007fb500000)
 ParOldGen       total 83968K, used 72413K [0x0000000785000000, 0x000000078a200000, 0x00000007d7000000)
  object space 83968K, 86% used [0x0000000785000000,0x00000007896b76c8,0x000000078a200000)
 PSPermGen       total 21504K, used 19430K [0x000000077fe00000, 0x0000000781300000, 0x0000000785000000)
  object space 21504K, 90% used [0x000000077fe00000,0x00000007810f9bf8,0x0000000781300000)
Event: 6,709 GC heap after
Heap after GC invocations=8 (full 1):
 PSYoungGen      total 268288K, used 0K [0x00000007d7000000, 0x00000007fb500000, 0x0000000800000000)
  eden space 253952K, 0% used [0x00000007d7000000,0x00000007d7000000,0x00000007e6800000)
  from space 14336K, 0% used [0x00000007e6800000,0x00000007e6800000,0x00000007e7600000)
  to   space 43520K, 0% used [0x00000007f8a80000,0x00000007f8a80000,0x00000007fb500000)
 ParOldGen       total 161792K, used 80858K [0x0000000785000000, 0x000000078ee00000, 0x00000007d7000000)
  object space 161792K, 49% used [0x0000000785000000,0x0000000789ef6a60,0x000000078ee00000)
 PSPermGen       total 38912K, used 19424K [0x000000077fe00000, 0x0000000782400000, 0x0000000785000000)
  object space 38912K, 49% used [0x000000077fe00000,0x00000007810f8070,0x0000000782400000)
}
Event: 7,450 GC heap before
{Heap before GC invocations=9 (full 1):
 PSYoungGen      total 268288K, used 253952K [0x00000007d7000000, 0x00000007fb500000, 0x0000000800000000)
  eden space 253952K, 100% used [0x00000007d7000000,0x00000007e6800000,0x00000007e6800000)
  from space 14336K, 0% used [0x00000007e6800000,0x00000007e6800000,0x00000007e7600000)
  to   space 43520K, 0% used [0x00000007f8a80000,0x00000007f8a80000,0x00000007fb500000)
 ParOldGen       total 161792K, used 80873K [0x0000000785000000, 0x000000078ee00000, 0x00000007d7000000)
  object space 161792K, 49% used [0x0000000785000000,0x0000000789efa4c0,0x000000078ee00000)
 PSPermGen       total 38912K, used 19443K [0x000000077fe00000, 0x0000000782400000, 0x0000000785000000)
  object space 38912K, 49% used [0x000000077fe00000,0x00000007810fcdd0,0x0000000782400000)
Event: 7,534 GC heap after
Heap after GC invocations=9 (full 1):
 PSYoungGen      total 457216K, used 43507K [0x00000007d7000000, 0x00000007fb500000, 0x0000000800000000)
  eden space 413696K, 0% used [0x00000007d7000000,0x00000007d7000000,0x00000007f0400000)
  from space 43520K, 99% used [0x00000007f8a80000,0x00000007fb4fcc90,0x00000007fb500000)
  to   space 63488K, 0% used [0x00000007f3900000,0x00000007f3900000,0x00000007f7700000)
 ParOldGen       total 161792K, used 107572K [0x0000000785000000, 0x000000078ee00000, 0x00000007d7000000)
  object space 161792K, 66% used [0x0000000785000000,0x000000078b90d0c8,0x000000078ee00000)
 PSPermGen       total 38912K, used 19443K [0x000000077fe00000, 0x0000000782400000, 0x0000000785000000)
  object space 38912K, 49% used [0x000000077fe00000,0x00000007810fcdd0,0x0000000782400000)
}
Event: 8,481 GC heap before
{Heap before GC invocations=10 (full 1):
 PSYoungGen      total 457216K, used 457203K [0x00000007d7000000, 0x00000007fb500000, 0x0000000800000000)
  eden space 413696K, 100% used [0x00000007d7000000,0x00000007f0400000,0x00000007f0400000)
  from space 43520K, 99% used [0x00000007f8a80000,0x00000007fb4fcc90,0x00000007fb500000)
  to   space 63488K, 0% used [0x00000007f3900000,0x00000007f3900000,0x00000007f7700000)
 ParOldGen       total 161792K, used 107583K [0x0000000785000000, 0x000000078ee00000, 0x00000007d7000000)
  object space 161792K, 66% used [0x0000000785000000,0x000000078b90ff20,0x000000078ee00000)
 PSPermGen       total 38912K, used 19449K [0x000000077fe00000, 0x0000000782400000, 0x0000000785000000)
  object space 38912K, 49% used [0x000000077fe00000,0x00000007810fe4c8,0x0000000782400000)
Event: 8,653 GC heap after
Heap after GC invocations=10 (full 1):
 PSYoungGen      total 531456K, used 63487K [0x00000007d7000000, 0x0000000800000000, 0x0000000800000000)
  eden space 467968K, 0% used [0x00000007d7000000,0x00000007d7000000,0x00000007f3900000)
  from space 63488K, 99% used [0x00000007f3900000,0x00000007f76ffca8,0x00000007f7700000)
  to   space 97280K, 0% used [0x00000007fa100000,0x00000007fa100000,0x0000000800000000)
 ParOldGen       total 162304K, used 162099K [0x0000000785000000, 0x000000078ee80000, 0x00000007d7000000)
  object space 162304K, 99% used [0x0000000785000000,0x000000078ee4ccd0,0x000000078ee80000)
 PSPermGen       total 38912K, used 19449K [0x000000077fe00000, 0x0000000782400000, 0x0000000785000000)
  object space 38912K, 49% used [0x000000077fe00000,0x00000007810fe4c8,0x0000000782400000)
}
Event: 8,653 GC heap before
{Heap before GC invocations=11 (full 2):
 PSYoungGen      total 531456K, used 63487K [0x00000007d7000000, 0x0000000800000000, 0x0000000800000000)
  eden space 467968K, 0% used [0x00000007d7000000,0x00000007d7000000,0x00000007f3900000)
  from space 63488K, 99% used [0x00000007f3900000,0x00000007f76ffca8,0x00000007f7700000)
  to   space 97280K, 0% used [0x00000007fa100000,0x00000007fa100000,0x0000000800000000)
 ParOldGen       total 162304K, used 162099K [0x0000000785000000, 0x000000078ee80000, 0x00000007d7000000)
  object space 162304K, 99% used [0x0000000785000000,0x000000078ee4ccd0,0x000000078ee80000)
 PSPermGen       total 38912K, used 19449K [0x000000077fe00000, 0x0000000782400000, 0x0000000785000000)
  object space 38912K, 49% used [0x000000077fe00000,0x00000007810fe4c8,0x0000000782400000)
Event: 8,787 GC heap after
Heap after GC invocations=11 (full 2):
 PSYoungGen      total 531456K, used 0K [0x00000007d7000000, 0x0000000800000000, 0x0000000800000000)
  eden space 467968K, 0% used [0x00000007d7000000,0x00000007d7000000,0x00000007f3900000)
  from space 63488K, 0% used [0x00000007f3900000,0x00000007f3900000,0x00000007f7700000)
  to   space 97280K, 0% used [0x00000007fa100000,0x00000007fa100000,0x0000000800000000)
 ParOldGen       total 250880K, used 132857K [0x0000000785000000, 0x0000000794500000, 0x00000007d7000000)
  object space 250880K, 52% used [0x0000000785000000,0x000000078d1be5e8,0x0000000794500000)
 PSPermGen       total 44032K, used 19448K [0x000000077fe00000, 0x0000000782900000, 0x0000000785000000)
  object space 44032K, 44% used [0x000000077fe00000,0x00000007810fe368,0x0000000782900000)
}
Event: 11,371 GC heap before
{Heap before GC invocations=12 (full 2):
 PSYoungGen      total 531456K, used 467968K [0x00000007d7000000, 0x0000000800000000, 0x0000000800000000)
  eden space 467968K, 100% used [0x00000007d7000000,0x00000007f3900000,0x00000007f3900000)
  from space 63488K, 0% used [0x00000007f3900000,0x00000007f3900000,0x00000007f7700000)
  to   space 97280K, 0% used [0x00000007fa100000,0x00000007fa100000,0x0000000800000000)
 ParOldGen       total 250880K, used 132865K [0x0000000785000000, 0x0000000794500000, 0x00000007d7000000)
  object space 250880K, 52% used [0x0000000785000000,0x000000078d1c0578,0x0000000794500000)
 PSPermGen       total 44032K, used 41858K [0x000000077fe00000, 0x0000000782900000, 0x0000000785000000)
  object space 44032K, 95% used [0x000000077fe00000,0x00000007826e0a40,0x0000000782900000)
Event: 11,470 GC heap after
Heap after GC invocations=12 (full 2):
 PSYoungGen      total 546816K, used 88215K [0x00000007d7000000, 0x0000000800000000, 0x0000000800000000)
  eden space 449536K, 0% used [0x00000007d7000000,0x00000007d7000000,0x00000007f2700000)
  from space 97280K, 90% used [0x00000007fa100000,0x00000007ff725d48,0x0000000800000000)
  to   space 111104K, 0% used [0x00000007f2700000,0x00000007f2700000,0x00000007f9380000)
 ParOldGen       total 250880K, used 132873K [0x0000000785000000, 0x0000000794500000, 0x00000007d7000000)
  object space 250880K, 52% used [0x0000000785000000,0x000000078d1c2578,0x0000000794500000)
 PSPermGen       total 44032K, used 41858K [0x000000077fe00000, 0x0000000782900000, 0x0000000785000000)
  object space 44032K, 95% used [0x000000077fe00000,0x00000007826e0a40,0x0000000782900000)
}

