# JRE version: Java(TM) SE Runtime Environment (7.0_45-b18) (build 1.7.0_45-b18)
# Java VM: Java HotSpot(TM) 64-Bit Server VM (24.45-b08 mixed mode linux-amd64 compressed oops)
Heap
 PSYoungGen      total 549376K, used 281498K [0x00000007d7000000, 0x0000000800000000, 0x0000000800000000)
  eden space 439296K, 47% used [0x00000007d7000000,0x00000007e3a6f890,0x00000007f1d00000)
  from space 110080K, 67% used [0x00000007f9480000,0x00000007fdcf7208,0x0000000800000000)
  to   space 116224K, 0% used [0x00000007f1d00000,0x00000007f1d00000,0x00000007f8e80000)
 ParOldGen       total 268288K, used 144515K [0x0000000785000000, 0x0000000795600000, 0x00000007d7000000)
  object space 268288K, 53% used [0x0000000785000000,0x000000078dd20cb0,0x0000000795600000)
 PSPermGen       total 61440K, used 61271K [0x000000077fe00000, 0x0000000783a00000, 0x0000000785000000)
  object space 61440K, 99% used [0x000000077fe00000,0x00000007839d5fc8,0x0000000783a00000)
GC Heap History (10 events):
Event: 5,653 GC heap before
{Heap before GC invocations=8 (full 1):
 PSYoungGen      total 268800K, used 14840K [0x00000007d7000000, 0x00000007fbd00000, 0x0000000800000000)
  eden space 253952K, 0% used [0x00000007d7000000,0x00000007d7000000,0x00000007e6800000)
  from space 14848K, 99% used [0x00000007e6800000,0x00000007e767e168,0x00000007e7680000)
  to   space 47616K, 0% used [0x00000007f8e80000,0x00000007f8e80000,0x00000007fbd00000)
 ParOldGen       total 83968K, used 79424K [0x0000000785000000, 0x000000078a200000, 0x00000007d7000000)
  object space 83968K, 94% used [0x0000000785000000,0x0000000789d90338,0x000000078a200000)
 PSPermGen       total 21504K, used 19109K [0x000000077fe00000, 0x0000000781300000, 0x0000000785000000)
  object space 21504K, 88% used [0x000000077fe00000,0x00000007810a9600,0x0000000781300000)
Event: 5,801 GC heap after
Heap after GC invocations=8 (full 1):
 PSYoungGen      total 268800K, used 3955K [0x00000007d7000000, 0x00000007fbd00000, 0x0000000800000000)
  eden space 253952K, 0% used [0x00000007d7000000,0x00000007d7000000,0x00000007e6800000)
  from space 14848K, 26% used [0x00000007e6800000,0x00000007e6bdcd00,0x00000007e7680000)
  to   space 47616K, 0% used [0x00000007f8e80000,0x00000007f8e80000,0x00000007fbd00000)
 ParOldGen       total 166400K, used 83914K [0x0000000785000000, 0x000000078f280000, 0x00000007d7000000)
  object space 166400K, 50% used [0x0000000785000000,0x000000078a1f28b0,0x000000078f280000)
 PSPermGen       total 38400K, used 19102K [0x000000077fe00000, 0x0000000782380000, 0x0000000785000000)
  object space 38400K, 49% used [0x000000077fe00000,0x00000007810a7aa8,0x0000000782380000)
}
Event: 6,399 GC heap before
{Heap before GC invocations=9 (full 1):
 PSYoungGen      total 268800K, used 257907K [0x00000007d7000000, 0x00000007fbd00000, 0x0000000800000000)
  eden space 253952K, 100% used [0x00000007d7000000,0x00000007e6800000,0x00000007e6800000)
  from space 14848K, 26% used [0x00000007e6800000,0x00000007e6bdcd00,0x00000007e7680000)
  to   space 47616K, 0% used [0x00000007f8e80000,0x00000007f8e80000,0x00000007fbd00000)
 ParOldGen       total 166400K, used 83920K [0x0000000785000000, 0x000000078f280000, 0x00000007d7000000)
  object space 166400K, 50% used [0x0000000785000000,0x000000078a1f4150,0x000000078f280000)
 PSPermGen       total 38400K, used 19122K [0x000000077fe00000, 0x0000000782380000, 0x0000000785000000)
  object space 38400K, 49% used [0x000000077fe00000,0x00000007810aca30,0x0000000782380000)
Event: 6,476 GC heap after
Heap after GC invocations=9 (full 1):
 PSYoungGen      total 471040K, used 47597K [0x00000007d7000000, 0x00000007fbd00000, 0x0000000800000000)
  eden space 423424K, 0% used [0x00000007d7000000,0x00000007d7000000,0x00000007f0d80000)
  from space 47616K, 99% used [0x00000007f8e80000,0x00000007fbcfb558,0x00000007fbd00000)
  to   space 71168K, 0% used [0x00000007f3200000,0x00000007f3200000,0x00000007f7780000)
 ParOldGen       total 166400K, used 116654K [0x0000000785000000, 0x000000078f280000, 0x00000007d7000000)
  object space 166400K, 70% used [0x0000000785000000,0x000000078c1ebb98,0x000000078f280000)
 PSPermGen       total 38400K, used 19122K [0x000000077fe00000, 0x0000000782380000, 0x0000000785000000)
  object space 38400K, 49% used [0x000000077fe00000,0x00000007810aca30,0x0000000782380000)
}
Event: 7,205 GC heap before
{Heap before GC invocations=10 (full 1):
 PSYoungGen      total 471040K, used 471021K [0x00000007d7000000, 0x00000007fbd00000, 0x0000000800000000)
  eden space 423424K, 100% used [0x00000007d7000000,0x00000007f0d80000,0x00000007f0d80000)
  from space 47616K, 99% used [0x00000007f8e80000,0x00000007fbcfb558,0x00000007fbd00000)
  to   space 71168K, 0% used [0x00000007f3200000,0x00000007f3200000,0x00000007f7780000)
 ParOldGen       total 166400K, used 116655K [0x0000000785000000, 0x000000078f280000, 0x00000007d7000000)
  object space 166400K, 70% used [0x0000000785000000,0x000000078c1ebd30,0x000000078f280000)
 PSPermGen       total 38400K, used 19134K [0x000000077fe00000, 0x0000000782380000, 0x0000000785000000)
  object space 38400K, 49% used [0x000000077fe00000,0x00000007810af878,0x0000000782380000)
Event: 7,325 GC heap after
Heap after GC invocations=10 (full 1):
 PSYoungGen      total 531968K, used 71145K [0x00000007d7000000, 0x0000000800000000, 0x0000000800000000)
  eden space 460800K, 0% used [0x00000007d7000000,0x00000007d7000000,0x00000007f3200000)
  from space 71168K, 99% used [0x00000007f3200000,0x00000007f777a6a8,0x00000007f7780000)
  to   space 110080K, 0% used [0x00000007f9480000,0x00000007f9480000,0x0000000800000000)
 ParOldGen       total 179712K, used 179625K [0x0000000785000000, 0x000000078ff80000, 0x00000007d7000000)
  object space 179712K, 99% used [0x0000000785000000,0x000000078ff6a448,0x000000078ff80000)
 PSPermGen       total 38400K, used 19134K [0x000000077fe00000, 0x0000000782380000, 0x0000000785000000)
  object space 38400K, 49% used [0x000000077fe00000,0x00000007810af878,0x0000000782380000)
}
Event: 7,325 GC heap before
{Heap before GC invocations=11 (full 2):
 PSYoungGen      total 531968K, used 71145K [0x00000007d7000000, 0x0000000800000000, 0x0000000800000000)
  eden space 460800K, 0% used [0x00000007d7000000,0x00000007d7000000,0x00000007f3200000)
  from space 71168K, 99% used [0x00000007f3200000,0x00000007f777a6a8,0x00000007f7780000)
  to   space 110080K, 0% used [0x00000007f9480000,0x00000007f9480000,0x0000000800000000)
 ParOldGen       total 179712K, used 179625K [0x0000000785000000, 0x000000078ff80000, 0x00000007d7000000)
  object space 179712K, 99% used [0x0000000785000000,0x000000078ff6a448,0x000000078ff80000)
 PSPermGen       total 38400K, used 19134K [0x000000077fe00000, 0x0000000782380000, 0x0000000785000000)
  object space 38400K, 49% used [0x000000077fe00000,0x00000007810af878,0x0000000782380000)
Event: 7,450 GC heap after
Heap after GC invocations=11 (full 2):
 PSYoungGen      total 531968K, used 0K [0x00000007d7000000, 0x0000000800000000, 0x0000000800000000)
  eden space 460800K, 0% used [0x00000007d7000000,0x00000007d7000000,0x00000007f3200000)
  from space 71168K, 0% used [0x00000007f3200000,0x00000007f3200000,0x00000007f7780000)
  to   space 110080K, 0% used [0x00000007f9480000,0x00000007f9480000,0x0000000800000000)
 ParOldGen       total 268288K, used 144503K [0x0000000785000000, 0x0000000795600000, 0x00000007d7000000)
  object space 268288K, 53% used [0x0000000785000000,0x000000078dd1dd08,0x0000000795600000)
 PSPermGen       total 43520K, used 19133K [0x000000077fe00000, 0x0000000782880000, 0x0000000785000000)
  object space 43520K, 43% used [0x000000077fe00000,0x00000007810af718,0x0000000782880000)
}
Event: 10,479 GC heap before
{Heap before GC invocations=12 (full 2):
 PSYoungGen      total 531968K, used 460800K [0x00000007d7000000, 0x0000000800000000, 0x0000000800000000)
  eden space 460800K, 100% used [0x00000007d7000000,0x00000007f3200000,0x00000007f3200000)
  from space 71168K, 0% used [0x00000007f3200000,0x00000007f3200000,0x00000007f7780000)
  to   space 110080K, 0% used [0x00000007f9480000,0x00000007f9480000,0x0000000800000000)
 ParOldGen       total 268288K, used 144507K [0x0000000785000000, 0x0000000795600000, 0x00000007d7000000)
  object space 268288K, 53% used [0x0000000785000000,0x000000078dd1ecb0,0x0000000795600000)
 PSPermGen       total 47616K, used 47215K [0x000000077fe00000, 0x0000000782c80000, 0x0000000785000000)
  object space 47616K, 99% used [0x000000077fe00000,0x0000000782c1bdb0,0x0000000782c80000)
Event: 10,536 GC heap after
Heap after GC invocations=12 (full 2):
 PSYoungGen      total 549376K, used 74204K [0x00000007d7000000, 0x0000000800000000, 0x0000000800000000)
  eden space 439296K, 0% used [0x00000007d7000000,0x00000007d7000000,0x00000007f1d00000)
  from space 110080K, 67% used [0x00000007f9480000,0x00000007fdcf7208,0x0000000800000000)
  to   space 116224K, 0% used [0x00000007f1d00000,0x00000007f1d00000,0x00000007f8e80000)
 ParOldGen       total 268288K, used 144515K [0x0000000785000000, 0x0000000795600000, 0x00000007d7000000)
  object space 268288K, 53% used [0x0000000785000000,0x000000078dd20cb0,0x0000000795600000)
 PSPermGen       total 47616K, used 47215K [0x000000077fe00000, 0x0000000782c80000, 0x0000000785000000)
  object space 47616K, 99% used [0x000000077fe00000,0x0000000782c1bdb0,0x0000000782c80000)
}

